<?xml version="1.0" encoding="UTF-8"?>
<testng-results ignored="0" total="1" passed="1" failed="0" skipped="0">
  <reporter-output>
  </reporter-output>
  <suite started-at="2024-08-01T14:35:47 CDT" name="Default suite" finished-at="2024-08-01T14:36:24 CDT" duration-ms="37303">
    <groups>
    </groups>
    <test started-at="2024-08-01T14:35:47 CDT" name="Default test" finished-at="2024-08-01T14:36:24 CDT" duration-ms="37303">
      <class name="testScript.firstTestNG">
        <test-method is-config="true" signature="beforeMethod()[pri:0, instance:testScript.firstTestNG@3b0fe47a]" started-at="2024-08-01T14:35:49 CDT" name="beforeMethod" finished-at="2024-08-01T14:36:12 CDT" duration-ms="23175" status="PASS">
          <reporter-output>
          </reporter-output>
        </test-method> <!-- beforeMethod -->
        <test-method signature="UserLogin(java.lang.String,java.lang.String)[pri:0, instance:testScript.firstTestNG@3b0fe47a]" started-at="2024-08-01T14:36:12 CDT" name="UserLogin" data-provider="dp" finished-at="2024-08-01T14:36:24 CDT" duration-ms="11669" status="PASS">
          <params>
            <param index="0">
              <value>
                <![CDATA[snsvaishu@gmail.com]]>
              </value>
            </param>
            <param index="1">
              <value>
                <![CDATA[Vadavalli@123]]>
              </value>
            </param>
          </params>
          <reporter-output>
          </reporter-output>
        </test-method> <!-- UserLogin -->
        <test-method is-config="true" signature="afterMethod()[pri:0, instance:testScript.firstTestNG@3b0fe47a]" started-at="2024-08-01T14:36:24 CDT" name="afterMethod" finished-at="2024-08-01T14:36:24 CDT" duration-ms="659" status="PASS">
          <reporter-output>
          </reporter-output>
        </test-method> <!-- afterMethod -->
      </class> <!-- testScript.firstTestNG -->
    </test> <!-- Default test -->
  </suite> <!-- Default suite -->
</testng-results>
